
=== Sat Oct 26 11:45:23 2019

Packages were changed.
Update Mode: mergeDefaultDependencies

The following packages were added:
  com.unity.ext.nunit@1.0.0
  com.unity.ide.vscode@1.1.2
  com.unity.ide.rider@1.1.0
  com.unity.ugui@1.0.0
  com.unity.xr.management@3.0.3
  com.unity.modules.androidjni@1.0.0
The following packages were updated:
  com.unity.test-framework from version 1.0.17 to 1.1.3
  com.unity.timeline from version 1.1.0 to 1.2.4

=== Sat Oct 26 18:15:47 2019

Packages were changed.
Update Mode: updateDependencies

The following packages were added:
  com.unity.analytics@3.3.2
  com.unity.purchasing@2.0.6
  com.unity.ads@2.0.8
  com.unity.2d.sprite@1.0.0
  com.unity.xr.legacyinputhelpers@1.3.7
  com.unity.multiplayer-hlapi@1.0.4
